UPLOAD: blablabla 07-04-2017 : 11:01:14 PM
UPLOAD: blablabla 07-04-2017 : 11:23:54 PM
UPLOAD: blablabla 07-04-2017 : 11:24:19 PM
UPLOAD: Jakob.Dietrich 07-04-2017 : 11:24:31 PM
UPLOAD: test.test 07-04-2017 : 11:24:47 PM
DOWNLOAD: test.xml 07-04-2017 : 11:36:42 PM
UPLOAD: test.test 07-04-2017 : 11:37:56 PM
UPLOAD: Jakob.Dietrich 08-04-2017 : 12:14:45 AM
DOWNLOAD: Jakob.Dietrich 08-04-2017 : 12:14:52 AM
UPLOAD: Shanghai-oVirt-Nested-Virtualization.pdf 19-04-2017 : 11:54:47 PM
DOWNLOAD: Shanghai-oVirt-Nested-Virtualization.pdf 19-04-2017 : 11:55:22 PM
DOWNLOAD: Jakob.Dietrich 19-04-2017 : 11:56:34 PM
UPLOAD: 14926390426531365148881.jpg 19-04-2017 : 11:57:57 PM
DOWNLOAD: 14926390426531365148881.jpg 19-04-2017 : 11:58:09 PM
DOWNLOAD: blablabla 20-04-2017 : 12:06:42 AM
UPLOAD: 14926390426531365148881.jpg 20-04-2017 : 12:25:40 AM
DOWNLOAD: test.xml 20-04-2017 : 01:13:35 AM
DOWNLOAD: test.jpg 20-04-2017 : 07:43:30 AM
DOWNLOAD: Test.jpg 20-04-2017 : 07:45:17 AM
UPLOAD: 2005-migration-nsdi-pre.pdf 20-04-2017 : 08:01:39 AM
UPLOAD: clinf_iac_docker.pdf 20-04-2017 : 08:01:46 AM
UPLOAD: clinf_teil1.pdf 20-04-2017 : 08:01:49 AM
UPLOAD: clinf_teil2.pdf 20-04-2017 : 08:01:54 AM
UPLOAD: clinf_teil3.pdf 20-04-2017 : 08:01:58 AM
UPLOAD: clinf4.pdf 20-04-2017 : 08:02:04 AM
UPLOAD: Shanghai-oVirt-Nested-Virtualization.pdf 20-04-2017 : 08:02:09 AM
UPLOAD: 10 Jahresfeier Brainstorming GruRa.docx 20-04-2017 : 06:10:09 PM
DOWNLOAD: test.jpg 20-04-2017 : 06:10:30 PM
DOWNLOAD: test.jpg 20-04-2017 : 08:14:10 PM
UPLOAD: Hallo du Stinker.docx 20-04-2017 : 08:16:56 PM
DOWNLOAD: Hallo du Stinker.docx 20-04-2017 : 08:17:04 PM
UPLOAD: html.tar.gz 20-04-2017 : 09:36:37 PM
UPLOAD: html2.tar.gz 20-04-2017 : 09:37:13 PM
UPLOAD: clinf_teil1.pdf 20-04-2017 : 11:07:55 PM
